2026-05-28 01:58:16,916 - twister - INFO - Using Ninja..
2026-05-28 01:58:17,087 - twister - INFO - Zephyr version: v4.2.0
2026-05-28 01:58:17,091 - twister - DEBUG - Running cmake script /home/alice/Sources/deps/zephyr/cmake/verify-toolchain.cmake
2026-05-28 01:58:17,091 - twister - DEBUG - Calling cmake: /home/alice/st/stm32cubeclt_1.21.0/CMake/bin/cmake -DFORMAT=json -P /home/alice/Sources/deps/zephyr/cmake/verify-toolchain.cmake
2026-05-28 01:58:17,479 - twister - DEBUG - Finished running /home/alice/Sources/deps/zephyr/cmake/verify-toolchain.cmake
2026-05-28 01:58:17,479 - twister - INFO - Using 'zephyr' toolchain.
2026-05-28 01:58:20,966 - twister - DEBUG - Reading testsuite configuration files under /home/alice/Sources/zephyr-course/tests/ring_buf...
2026-05-28 01:58:20,966 - twister - DEBUG - Found possible testsuite in /home/alice/Sources/zephyr-course/tests/ring_buf
2026-05-28 01:58:20,979 - twister - DEBUG - No duplicates found.
2026-05-28 01:58:20,979 - twister - DEBUG - platform filter: ['native_sim']
2026-05-28 01:58:20,979 - twister - DEBUG -   vendor filter: []
2026-05-28 01:58:20,979 - twister - DEBUG -     arch_filter: None
2026-05-28 01:58:20,979 - twister - DEBUG -      tag_filter: None
2026-05-28 01:58:20,979 - twister - DEBUG -     exclude_tag: None
2026-05-28 01:58:20,979 - twister - DEBUG - Checking platform filter: ['native_sim']
2026-05-28 01:58:20,980 - twister - INFO - Building initial testsuite list...
2026-05-28 01:58:20,980 - twister - INFO - Writing JSON report /home/alice/Sources/zephyr-course/twister-out/testplan.json
2026-05-28 01:58:21,002 - twister - INFO - JOBS: 8
2026-05-28 01:58:21,002 - twister - INFO - Adding tasks to the queue...
2026-05-28 01:58:21,002 - twister - DEBUG - adding native_sim/native/host/homework.unit.ring_buf
2026-05-28 01:58:21,004 - twister - INFO - Added initial list of jobs to queue
2026-05-28 01:58:21,017 - twister - DEBUG - Running cmake on /home/alice/Sources/zephyr-course/tests/ring_buf for native_sim/native
2026-05-28 01:58:21,018 - twister - DEBUG - Calling cmake: /home/alice/st/stm32cubeclt_1.21.0/CMake/bin/cmake -B/home/alice/Sources/zephyr-course/twister-out/native_sim_native/host/homework.unit.ring_buf -DTC_RUNID=7c19819ba6dc30f6ecdf613eef00fefe -DTC_NAME=homework.unit.ring_buf -DCONFIG_COMPILER_WARNINGS_AS_ERRORS=y -DEXTRA_GEN_EDT_ARGS=--edtlib-Werror -GNinja -DPython3_EXECUTABLE=/home/alice/Sources/zephyr-course/.venv/bin/python -DZEPHYR_TOOLCHAIN_VARIANT=host -S/home/alice/Sources/zephyr-course/tests/ring_buf -DOVERLAY_CONFIG=/home/alice/Sources/zephyr-course/twister-out/native_sim_native/host/homework.unit.ring_buf/twister/testsuite_extra.conf -DBOARD=native_sim/native
2026-05-28 01:58:21,025 - twister - DEBUG - Launched 8 jobs
2026-05-28 01:58:30,101 - twister - DEBUG - Finished running cmake /home/alice/Sources/zephyr-course/tests/ring_buf for native_sim/native in 9.08 seconds
2026-05-28 01:58:30,104 - twister - DEBUG - build test: native_sim/native/host/homework.unit.ring_buf
2026-05-28 01:58:30,104 - twister - DEBUG - Building /home/alice/Sources/zephyr-course/tests/ring_buf for native_sim/native
2026-05-28 01:58:30,105 - twister - DEBUG - Running /home/alice/st/stm32cubeclt_1.21.0/CMake/bin/cmake --build /home/alice/Sources/zephyr-course/twister-out/native_sim_native/host/homework.unit.ring_buf
2026-05-28 01:58:34,185 - twister - DEBUG - Finished building /home/alice/Sources/zephyr-course/tests/ring_buf for native_sim/native in 4.08 seconds
2026-05-28 01:58:34,186 - twister - DEBUG - Determine test cases for test instance: native_sim/native/host/homework.unit.ring_buf
2026-05-28 01:58:34,186 - twister - DEBUG - Determine test cases for test suite: homework.unit.ring_buf
2026-05-28 01:58:34,580 - twister - DEBUG - Test instance native_sim/native/host/homework.unit.ring_buf already has 14 testcase(s) known: [<TestCase homework.unit.ring_buf.ring_buf_push_pop.fifo_order with None>, <TestCase homework.unit.ring_buf.ring_buf_push_pop.push_full_returns_enospc with None>, <TestCase homework.unit.ring_buf.ring_buf_boundaries.peek_does_not_consume with None>, <TestCase homework.unit.ring_buf.ring_buf_capacity.init_exceeds_max_capacity with None>, <TestCase homework.unit.ring_buf.ring_buf_capacity.pop_when_empty with None>, <TestCase homework.unit.ring_buf.ring_buf_capacity.init_zero_capacity with None>, <TestCase homework.unit.ring_buf.ring_buf_capacity.peek_when_empty with None>, <TestCase homework.unit.ring_buf.ring_buf_capacity.init_negative_capacity with None>, <TestCase homework.unit.ring_buf.ring_buf_boundaries.is_full_after_fill with None>, <TestCase homework.unit.ring_buf.ring_buf_init.fresh_state with None>, <TestCase homework.unit.ring_buf.ring_buf_boundaries.pop_null_returns_einval with None>, <TestCase homework.unit.ring_buf.ring_buf_push_pop.single_push_pop with None>, <TestCase homework.unit.ring_buf.ring_buf_init.reinit_clears_state with None>, <TestCase homework.unit.ring_buf.ring_buf_capacity.peek_with_null_pointer with None>]
2026-05-28 01:58:34,580 - twister - DEBUG - Detected 14 Ztest case(s): [homework.unit.ring_buf.ring_buf_init.fresh_state, homework.unit.ring_buf.ring_buf_init.reinit_clears_state, homework.unit.ring_buf.ring_buf_push_pop.single_push_pop, homework.unit.ring_buf.ring_buf_push_pop.fifo_order, homework.unit.ring_buf.ring_buf_push_pop.push_full_returns_enospc, homework.unit.ring_buf.ring_buf_boundaries.peek_does_not_consume, homework.unit.ring_buf.ring_buf_boundaries.pop_null_returns_einval, homework.unit.ring_buf.ring_buf_boundaries.is_full_after_fill, homework.unit.ring_buf.ring_buf_capacity.init_negative_capacity, homework.unit.ring_buf.ring_buf_capacity.init_zero_capacity, homework.unit.ring_buf.ring_buf_capacity.init_exceeds_max_capacity, homework.unit.ring_buf.ring_buf_capacity.pop_when_empty, homework.unit.ring_buf.ring_buf_capacity.peek_with_null_pointer, homework.unit.ring_buf.ring_buf_capacity.peek_when_empty] in /home/alice/Sources/zephyr-course/twister-out/native_sim_native/host/homework.unit.ring_buf/zephyr/zephyr.elf
2026-05-28 01:58:34,584 - twister - DEBUG - run test: native_sim/native/host/homework.unit.ring_buf
2026-05-28 01:58:34,584 - twister - DEBUG - Reset instance status from 'passed' to None before run.
2026-05-28 01:58:34,584 - twister - DEBUG - Spawning process: /home/alice/Sources/zephyr-course/twister-out/native_sim_native/host/homework.unit.ring_buf/zephyr/zephyr.exe
in directory: /home/alice/Sources/zephyr-course/twister-out/native_sim_native/host/homework.unit.ring_buf
2026-05-28 01:58:34,585 - twister - DEBUG - Spawning BinaryHandler Thread for native_sim/native/host/homework.unit.ring_buf
2026-05-28 01:58:34,586 - twister - DEBUG - OUTPUT: *** Booting Zephyr OS build v4.2.0 ***
2026-05-28 01:58:34,586 - twister - DEBUG - OUTPUT: Running TESTSUITE ring_buf_capacity
2026-05-28 01:58:34,587 - twister - DEBUG - OUTPUT: ===================================================================
2026-05-28 01:58:34,587 - twister - DEBUG - OUTPUT: START - test_init_exceeds_max_capacity
2026-05-28 01:58:34,587 - twister - DEBUG - OUTPUT: [00:00:00.000,000] [1;31m<err> ring_buf: invalid capacity 17 (max 16)[0m
2026-05-28 01:58:34,587 - twister - DEBUG - OUTPUT:  PASS - test_init_exceeds_max_capacity in 0.000 seconds
2026-05-28 01:58:34,588 - twister - DEBUG - OUTPUT: ===================================================================
2026-05-28 01:58:34,588 - twister - DEBUG - OUTPUT: START - test_init_zero_capacity
2026-05-28 01:58:34,588 - twister - DEBUG - OUTPUT: [00:00:00.000,000] [1;31m<err> ring_buf: invalid capacity 0 (max 16)[0m
2026-05-28 01:58:34,588 - twister - DEBUG - OUTPUT:  PASS - test_init_zero_capacity in 0.000 seconds
2026-05-28 01:58:34,589 - twister - DEBUG - OUTPUT: ===================================================================
2026-05-28 01:58:34,589 - twister - DEBUG - OUTPUT: START - test_peek_when_empty
2026-05-28 01:58:34,589 - twister - DEBUG - OUTPUT: [00:00:00.000,000] [1;33m<wrn> ring_buf: buffer empty[0m
2026-05-28 01:58:34,590 - twister - DEBUG - OUTPUT:  PASS - test_peek_when_empty in 0.000 seconds
2026-05-28 01:58:34,590 - twister - DEBUG - OUTPUT: ===================================================================
2026-05-28 01:58:34,590 - twister - DEBUG - OUTPUT: START - test_peek_with_null_pointer
2026-05-28 01:58:34,591 - twister - DEBUG - OUTPUT: [00:00:00.000,000] [1;31m<err> ring_buf: value pointer is NULL[0m
2026-05-28 01:58:34,591 - twister - DEBUG - OUTPUT:  PASS - test_peek_with_null_pointer in 0.000 seconds
2026-05-28 01:58:34,591 - twister - DEBUG - OUTPUT: ===================================================================
2026-05-28 01:58:34,592 - twister - DEBUG - OUTPUT: START - test_init_negative_capacity
2026-05-28 01:58:34,592 - twister - DEBUG - OUTPUT: [00:00:00.000,000] [1;31m<err> ring_buf: invalid capacity 4294967292 (max 16)[0m
2026-05-28 01:58:34,592 - twister - DEBUG - OUTPUT:  PASS - test_init_negative_capacity in 0.000 seconds
2026-05-28 01:58:34,592 - twister - DEBUG - OUTPUT: ===================================================================
2026-05-28 01:58:34,593 - twister - DEBUG - OUTPUT: START - test_pop_when_empty
2026-05-28 01:58:34,593 - twister - DEBUG - OUTPUT: [00:00:00.000,000] [1;33m<wrn> ring_buf: buffer empty[0m
2026-05-28 01:58:34,593 - twister - DEBUG - OUTPUT:  PASS - test_pop_when_empty in 0.000 seconds
2026-05-28 01:58:34,594 - twister - DEBUG - OUTPUT: ===================================================================
2026-05-28 01:58:34,594 - twister - DEBUG - OUTPUT: START - test_init_exceeds_max_capacity
2026-05-28 01:58:34,594 - twister - DEBUG - OUTPUT: [00:00:00.000,000] [1;31m<err> ring_buf: invalid capacity 17 (max 16)[0m
2026-05-28 01:58:34,595 - twister - DEBUG - OUTPUT:  PASS - test_init_exceeds_max_capacity in 0.000 seconds
2026-05-28 01:58:34,595 - twister - DEBUG - OUTPUT: ===================================================================
2026-05-28 01:58:34,595 - twister - DEBUG - OUTPUT: START - test_pop_when_empty
2026-05-28 01:58:34,596 - twister - DEBUG - OUTPUT: [00:00:00.000,000] [1;33m<wrn> ring_buf: buffer empty[0m
2026-05-28 01:58:34,596 - twister - DEBUG - OUTPUT:  PASS - test_pop_when_empty in 0.000 seconds
2026-05-28 01:58:34,596 - twister - DEBUG - OUTPUT: ===================================================================
2026-05-28 01:58:34,596 - twister - DEBUG - OUTPUT: START - test_init_zero_capacity
2026-05-28 01:58:34,597 - twister - DEBUG - OUTPUT: [00:00:00.000,000] [1;31m<err> ring_buf: invalid capacity 0 (max 16)[0m
2026-05-28 01:58:34,597 - twister - DEBUG - OUTPUT:  PASS - test_init_zero_capacity in 0.000 seconds
2026-05-28 01:58:34,597 - twister - DEBUG - OUTPUT: ===================================================================
2026-05-28 01:58:34,598 - twister - DEBUG - OUTPUT: START - test_init_negative_capacity
2026-05-28 01:58:34,598 - twister - DEBUG - OUTPUT: [00:00:00.000,000] [1;31m<err> ring_buf: invalid capacity 4294967292 (max 16)[0m
2026-05-28 01:58:34,598 - twister - DEBUG - OUTPUT:  PASS - test_init_negative_capacity in 0.000 seconds
2026-05-28 01:58:34,598 - twister - DEBUG - OUTPUT: ===================================================================
2026-05-28 01:58:34,599 - twister - DEBUG - OUTPUT: START - test_peek_with_null_pointer
2026-05-28 01:58:34,599 - twister - DEBUG - OUTPUT: [00:00:00.000,000] [1;31m<err> ring_buf: value pointer is NULL[0m
2026-05-28 01:58:34,599 - twister - DEBUG - OUTPUT:  PASS - test_peek_with_null_pointer in 0.000 seconds
2026-05-28 01:58:34,599 - twister - DEBUG - OUTPUT: ===================================================================
2026-05-28 01:58:34,600 - twister - DEBUG - OUTPUT: START - test_peek_when_empty
2026-05-28 01:58:34,600 - twister - DEBUG - OUTPUT: [00:00:00.000,000] [1;33m<wrn> ring_buf: buffer empty[0m
2026-05-28 01:58:34,600 - twister - DEBUG - OUTPUT:  PASS - test_peek_when_empty in 0.000 seconds
2026-05-28 01:58:34,600 - twister - DEBUG - OUTPUT: ===================================================================
2026-05-28 01:58:34,601 - twister - DEBUG - OUTPUT: START - test_peek_when_empty
2026-05-28 01:58:34,601 - twister - DEBUG - OUTPUT: [00:00:00.000,000] [1;33m<wrn> ring_buf: buffer empty[0m
2026-05-28 01:58:34,601 - twister - DEBUG - OUTPUT:  PASS - test_peek_when_empty in 0.000 seconds
2026-05-28 01:58:34,601 - twister - DEBUG - OUTPUT: ===================================================================
2026-05-28 01:58:34,602 - twister - DEBUG - OUTPUT: START - test_init_exceeds_max_capacity
2026-05-28 01:58:34,602 - twister - DEBUG - OUTPUT: [00:00:00.000,000] [1;31m<err> ring_buf: invalid capacity 17 (max 16)[0m
2026-05-28 01:58:34,602 - twister - DEBUG - OUTPUT:  PASS - test_init_exceeds_max_capacity in 0.000 seconds
2026-05-28 01:58:34,602 - twister - DEBUG - OUTPUT: ===================================================================
2026-05-28 01:58:34,603 - twister - DEBUG - OUTPUT: START - test_pop_when_empty
2026-05-28 01:58:34,603 - twister - DEBUG - OUTPUT: [00:00:00.000,000] [1;33m<wrn> ring_buf: buffer empty[0m
2026-05-28 01:58:34,603 - twister - DEBUG - OUTPUT:  PASS - test_pop_when_empty in 0.000 seconds
2026-05-28 01:58:34,603 - twister - DEBUG - OUTPUT: ===================================================================
2026-05-28 01:58:34,604 - twister - DEBUG - OUTPUT: START - test_init_zero_capacity
2026-05-28 01:58:34,604 - twister - DEBUG - OUTPUT: [00:00:00.000,000] [1;31m<err> ring_buf: invalid capacity 0 (max 16)[0m
2026-05-28 01:58:34,604 - twister - DEBUG - OUTPUT:  PASS - test_init_zero_capacity in 0.000 seconds
2026-05-28 01:58:34,604 - twister - DEBUG - OUTPUT: ===================================================================
2026-05-28 01:58:34,605 - twister - DEBUG - OUTPUT: START - test_peek_with_null_pointer
2026-05-28 01:58:34,605 - twister - DEBUG - OUTPUT: [00:00:00.000,000] [1;31m<err> ring_buf: value pointer is NULL[0m
2026-05-28 01:58:34,605 - twister - DEBUG - OUTPUT:  PASS - test_peek_with_null_pointer in 0.000 seconds
2026-05-28 01:58:34,605 - twister - DEBUG - OUTPUT: ===================================================================
2026-05-28 01:58:34,606 - twister - DEBUG - OUTPUT: START - test_init_negative_capacity
2026-05-28 01:58:34,606 - twister - DEBUG - OUTPUT: [00:00:00.000,000] [1;31m<err> ring_buf: invalid capacity 4294967292 (max 16)[0m
2026-05-28 01:58:34,606 - twister - DEBUG - OUTPUT:  PASS - test_init_negative_capacity in 0.000 seconds
2026-05-28 01:58:34,607 - twister - DEBUG - OUTPUT: ===================================================================
2026-05-28 01:58:34,607 - twister - DEBUG - OUTPUT: TESTSUITE ring_buf_capacity succeeded
2026-05-28 01:58:34,607 - twister - DEBUG - OUTPUT: Running TESTSUITE ring_buf_capacity
2026-05-28 01:58:34,607 - twister - DEBUG - OUTPUT: ===================================================================
2026-05-28 01:58:34,607 - twister - DEBUG - OUTPUT: START - test_peek_when_empty
2026-05-28 01:58:34,608 - twister - DEBUG - OUTPUT: [00:00:00.000,000] [1;33m<wrn> ring_buf: buffer empty[0m
2026-05-28 01:58:34,608 - twister - DEBUG - OUTPUT:  PASS - test_peek_when_empty in 0.000 seconds
2026-05-28 01:58:34,608 - twister - DEBUG - OUTPUT: ===================================================================
2026-05-28 01:58:34,608 - twister - DEBUG - OUTPUT: START - test_pop_when_empty
2026-05-28 01:58:34,609 - twister - DEBUG - OUTPUT: [00:00:00.000,000] [1;33m<wrn> ring_buf: buffer empty[0m
2026-05-28 01:58:34,609 - twister - DEBUG - OUTPUT:  PASS - test_pop_when_empty in 0.000 seconds
2026-05-28 01:58:34,609 - twister - DEBUG - OUTPUT: ===================================================================
2026-05-28 01:58:34,609 - twister - DEBUG - OUTPUT: START - test_init_exceeds_max_capacity
2026-05-28 01:58:34,610 - twister - DEBUG - OUTPUT: [00:00:00.000,000] [1;31m<err> ring_buf: invalid capacity 17 (max 16)[0m
2026-05-28 01:58:34,610 - twister - DEBUG - OUTPUT:  PASS - test_init_exceeds_max_capacity in 0.000 seconds
2026-05-28 01:58:34,610 - twister - DEBUG - OUTPUT: ===================================================================
2026-05-28 01:58:34,610 - twister - DEBUG - OUTPUT: START - test_init_zero_capacity
2026-05-28 01:58:34,611 - twister - DEBUG - OUTPUT: [00:00:00.000,000] [1;31m<err> ring_buf: invalid capacity 0 (max 16)[0m
2026-05-28 01:58:34,611 - twister - DEBUG - OUTPUT:  PASS - test_init_zero_capacity in 0.000 seconds
2026-05-28 01:58:34,611 - twister - DEBUG - OUTPUT: ===================================================================
2026-05-28 01:58:34,612 - twister - DEBUG - OUTPUT: START - test_peek_with_null_pointer
2026-05-28 01:58:34,612 - twister - DEBUG - OUTPUT: [00:00:00.000,000] [1;31m<err> ring_buf: value pointer is NULL[0m
2026-05-28 01:58:34,612 - twister - DEBUG - OUTPUT:  PASS - test_peek_with_null_pointer in 0.000 seconds
2026-05-28 01:58:34,612 - twister - DEBUG - OUTPUT: ===================================================================
2026-05-28 01:58:34,613 - twister - DEBUG - OUTPUT: START - test_init_negative_capacity
2026-05-28 01:58:34,613 - twister - DEBUG - OUTPUT: [00:00:00.000,000] [1;31m<err> ring_buf: invalid capacity 4294967292 (max 16)[0m
2026-05-28 01:58:34,613 - twister - DEBUG - OUTPUT:  PASS - test_init_negative_capacity in 0.000 seconds
2026-05-28 01:58:34,613 - twister - DEBUG - OUTPUT: ===================================================================
2026-05-28 01:58:34,614 - twister - DEBUG - OUTPUT: START - test_init_zero_capacity
2026-05-28 01:58:34,614 - twister - DEBUG - OUTPUT: [00:00:00.000,000] [1;31m<err> ring_buf: invalid capacity 0 (max 16)[0m
2026-05-28 01:58:34,614 - twister - DEBUG - OUTPUT:  PASS - test_init_zero_capacity in 0.000 seconds
2026-05-28 01:58:34,614 - twister - DEBUG - OUTPUT: ===================================================================
2026-05-28 01:58:34,615 - twister - DEBUG - OUTPUT: START - test_pop_when_empty
2026-05-28 01:58:34,615 - twister - DEBUG - OUTPUT: [00:00:00.000,000] [1;33m<wrn> ring_buf: buffer empty[0m
2026-05-28 01:58:34,615 - twister - DEBUG - OUTPUT:  PASS - test_pop_when_empty in 0.000 seconds
2026-05-28 01:58:34,615 - twister - DEBUG - OUTPUT: ===================================================================
2026-05-28 01:58:34,616 - twister - DEBUG - OUTPUT: START - test_peek_when_empty
2026-05-28 01:58:34,616 - twister - DEBUG - OUTPUT: [00:00:00.000,000] [1;33m<wrn> ring_buf: buffer empty[0m
2026-05-28 01:58:34,616 - twister - DEBUG - OUTPUT:  PASS - test_peek_when_empty in 0.000 seconds
2026-05-28 01:58:34,616 - twister - DEBUG - OUTPUT: ===================================================================
2026-05-28 01:58:34,617 - twister - DEBUG - OUTPUT: START - test_init_exceeds_max_capacity
2026-05-28 01:58:34,617 - twister - DEBUG - OUTPUT: [00:00:00.000,000] [1;31m<err> ring_buf: invalid capacity 17 (max 16)[0m
2026-05-28 01:58:34,617 - twister - DEBUG - OUTPUT:  PASS - test_init_exceeds_max_capacity in 0.000 seconds
2026-05-28 01:58:34,617 - twister - DEBUG - OUTPUT: ===================================================================
2026-05-28 01:58:34,618 - twister - DEBUG - OUTPUT: START - test_peek_with_null_pointer
2026-05-28 01:58:34,618 - twister - DEBUG - OUTPUT: [00:00:00.000,000] [1;31m<err> ring_buf: value pointer is NULL[0m
2026-05-28 01:58:34,618 - twister - DEBUG - OUTPUT:  PASS - test_peek_with_null_pointer in 0.000 seconds
2026-05-28 01:58:34,618 - twister - DEBUG - OUTPUT: ===================================================================
2026-05-28 01:58:34,619 - twister - DEBUG - OUTPUT: START - test_init_negative_capacity
2026-05-28 01:58:34,619 - twister - DEBUG - OUTPUT: [00:00:00.000,000] [1;31m<err> ring_buf: invalid capacity 4294967292 (max 16)[0m
2026-05-28 01:58:34,619 - twister - DEBUG - OUTPUT:  PASS - test_init_negative_capacity in 0.000 seconds
2026-05-28 01:58:34,619 - twister - DEBUG - OUTPUT: ===================================================================
2026-05-28 01:58:34,620 - twister - DEBUG - OUTPUT: START - test_peek_with_null_pointer
2026-05-28 01:58:34,620 - twister - DEBUG - OUTPUT: [00:00:00.000,000] [1;31m<err> ring_buf: value pointer is NULL[0m
2026-05-28 01:58:34,620 - twister - DEBUG - OUTPUT:  PASS - test_peek_with_null_pointer in 0.000 seconds
2026-05-28 01:58:34,620 - twister - DEBUG - OUTPUT: ===================================================================
2026-05-28 01:58:34,621 - twister - DEBUG - OUTPUT: START - test_init_exceeds_max_capacity
2026-05-28 01:58:34,621 - twister - DEBUG - OUTPUT: [00:00:00.000,000] [1;31m<err> ring_buf: invalid capacity 17 (max 16)[0m
2026-05-28 01:58:34,621 - twister - DEBUG - OUTPUT:  PASS - test_init_exceeds_max_capacity in 0.000 seconds
2026-05-28 01:58:34,621 - twister - DEBUG - OUTPUT: ===================================================================
2026-05-28 01:58:34,622 - twister - DEBUG - OUTPUT: START - test_init_zero_capacity
2026-05-28 01:58:34,622 - twister - DEBUG - OUTPUT: [00:00:00.000,000] [1;31m<err> ring_buf: invalid capacity 0 (max 16)[0m
2026-05-28 01:58:34,622 - twister - DEBUG - OUTPUT:  PASS - test_init_zero_capacity in 0.000 seconds
2026-05-28 01:58:34,623 - twister - DEBUG - OUTPUT: ===================================================================
2026-05-28 01:58:34,623 - twister - DEBUG - OUTPUT: START - test_pop_when_empty
2026-05-28 01:58:34,623 - twister - DEBUG - OUTPUT: [00:00:00.000,000] [1;33m<wrn> ring_buf: buffer empty[0m
2026-05-28 01:58:34,623 - twister - DEBUG - OUTPUT:  PASS - test_pop_when_empty in 0.000 seconds
2026-05-28 01:58:34,624 - twister - DEBUG - OUTPUT: ===================================================================
2026-05-28 01:58:34,624 - twister - DEBUG - OUTPUT: START - test_init_negative_capacity
2026-05-28 01:58:34,624 - twister - DEBUG - OUTPUT: [00:00:00.000,000] [1;31m<err> ring_buf: invalid capacity 4294967292 (max 16)[0m
2026-05-28 01:58:34,624 - twister - DEBUG - OUTPUT:  PASS - test_init_negative_capacity in 0.000 seconds
2026-05-28 01:58:34,625 - twister - DEBUG - OUTPUT: ===================================================================
2026-05-28 01:58:34,625 - twister - DEBUG - OUTPUT: START - test_peek_when_empty
2026-05-28 01:58:34,625 - twister - DEBUG - OUTPUT: [00:00:00.000,000] [1;33m<wrn> ring_buf: buffer empty[0m
2026-05-28 01:58:34,625 - twister - DEBUG - OUTPUT:  PASS - test_peek_when_empty in 0.000 seconds
2026-05-28 01:58:34,626 - twister - DEBUG - OUTPUT: ===================================================================
2026-05-28 01:58:34,626 - twister - DEBUG - OUTPUT: TESTSUITE ring_buf_capacity succeeded
2026-05-28 01:58:34,626 - twister - DEBUG - OUTPUT: Running TESTSUITE ring_buf_capacity
2026-05-28 01:58:34,626 - twister - DEBUG - OUTPUT: ===================================================================
2026-05-28 01:58:34,627 - twister - DEBUG - OUTPUT: START - test_peek_when_empty
2026-05-28 01:58:34,627 - twister - DEBUG - OUTPUT: [00:00:00.000,000] [1;33m<wrn> ring_buf: buffer empty[0m
2026-05-28 01:58:34,627 - twister - DEBUG - OUTPUT:  PASS - test_peek_when_empty in 0.000 seconds
2026-05-28 01:58:34,627 - twister - DEBUG - OUTPUT: ===================================================================
2026-05-28 01:58:34,628 - twister - DEBUG - OUTPUT: START - test_init_zero_capacity
2026-05-28 01:58:34,628 - twister - DEBUG - OUTPUT: [00:00:00.000,000] [1;31m<err> ring_buf: invalid capacity 0 (max 16)[0m
2026-05-28 01:58:34,628 - twister - DEBUG - OUTPUT:  PASS - test_init_zero_capacity in 0.000 seconds
2026-05-28 01:58:34,628 - twister - DEBUG - OUTPUT: ===================================================================
2026-05-28 01:58:34,629 - twister - DEBUG - OUTPUT: START - test_init_exceeds_max_capacity
2026-05-28 01:58:34,629 - twister - DEBUG - OUTPUT: [00:00:00.000,000] [1;31m<err> ring_buf: invalid capacity 17 (max 16)[0m
2026-05-28 01:58:34,629 - twister - DEBUG - OUTPUT:  PASS - test_init_exceeds_max_capacity in 0.000 seconds
2026-05-28 01:58:34,629 - twister - DEBUG - OUTPUT: ===================================================================
2026-05-28 01:58:34,630 - twister - DEBUG - OUTPUT: START - test_peek_with_null_pointer
2026-05-28 01:58:34,630 - twister - DEBUG - OUTPUT: [00:00:00.000,000] [1;31m<err> ring_buf: value pointer is NULL[0m
2026-05-28 01:58:34,630 - twister - DEBUG - OUTPUT:  PASS - test_peek_with_null_pointer in 0.000 seconds
2026-05-28 01:58:34,630 - twister - DEBUG - OUTPUT: ===================================================================
2026-05-28 01:58:34,631 - twister - DEBUG - OUTPUT: START - test_pop_when_empty
2026-05-28 01:58:34,631 - twister - DEBUG - OUTPUT: [00:00:00.000,000] [1;33m<wrn> ring_buf: buffer empty[0m
2026-05-28 01:58:34,631 - twister - DEBUG - OUTPUT:  PASS - test_pop_when_empty in 0.000 seconds
2026-05-28 01:58:34,631 - twister - DEBUG - OUTPUT: ===================================================================
2026-05-28 01:58:34,632 - twister - DEBUG - OUTPUT: START - test_init_negative_capacity
2026-05-28 01:58:34,632 - twister - DEBUG - OUTPUT: [00:00:00.000,000] [1;31m<err> ring_buf: invalid capacity 4294967292 (max 16)[0m
2026-05-28 01:58:34,632 - twister - DEBUG - OUTPUT:  PASS - test_init_negative_capacity in 0.000 seconds
2026-05-28 01:58:34,632 - twister - DEBUG - OUTPUT: ===================================================================
2026-05-28 01:58:34,633 - twister - DEBUG - OUTPUT: START - test_init_zero_capacity
2026-05-28 01:58:34,633 - twister - DEBUG - OUTPUT: [00:00:00.000,000] [1;31m<err> ring_buf: invalid capacity 0 (max 16)[0m
2026-05-28 01:58:34,633 - twister - DEBUG - OUTPUT:  PASS - test_init_zero_capacity in 0.000 seconds
2026-05-28 01:58:34,633 - twister - DEBUG - OUTPUT: ===================================================================
2026-05-28 01:58:34,634 - twister - DEBUG - OUTPUT: START - test_init_exceeds_max_capacity
2026-05-28 01:58:34,634 - twister - DEBUG - OUTPUT: [00:00:00.000,000] [1;31m<err> ring_buf: invalid capacity 17 (max 16)[0m
2026-05-28 01:58:34,634 - twister - DEBUG - OUTPUT:  PASS - test_init_exceeds_max_capacity in 0.000 seconds
2026-05-28 01:58:34,634 - twister - DEBUG - OUTPUT: ===================================================================
2026-05-28 01:58:34,634 - twister - DEBUG - OUTPUT: START - test_pop_when_empty
2026-05-28 01:58:34,635 - twister - DEBUG - OUTPUT: [00:00:00.000,000] [1;33m<wrn> ring_buf: buffer empty[0m
2026-05-28 01:58:34,635 - twister - DEBUG - OUTPUT:  PASS - test_pop_when_empty in 0.000 seconds
2026-05-28 01:58:34,635 - twister - DEBUG - OUTPUT: ===================================================================
2026-05-28 01:58:34,635 - twister - DEBUG - OUTPUT: START - test_init_negative_capacity
2026-05-28 01:58:34,636 - twister - DEBUG - OUTPUT: [00:00:00.000,000] [1;31m<err> ring_buf: invalid capacity 4294967292 (max 16)[0m
2026-05-28 01:58:34,636 - twister - DEBUG - OUTPUT:  PASS - test_init_negative_capacity in 0.000 seconds
2026-05-28 01:58:34,636 - twister - DEBUG - OUTPUT: ===================================================================
2026-05-28 01:58:34,636 - twister - DEBUG - OUTPUT: START - test_peek_when_empty
2026-05-28 01:58:34,637 - twister - DEBUG - OUTPUT: [00:00:00.000,000] [1;33m<wrn> ring_buf: buffer empty[0m
2026-05-28 01:58:34,637 - twister - DEBUG - OUTPUT:  PASS - test_peek_when_empty in 0.000 seconds
2026-05-28 01:58:34,637 - twister - DEBUG - OUTPUT: ===================================================================
2026-05-28 01:58:34,637 - twister - DEBUG - OUTPUT: START - test_peek_with_null_pointer
2026-05-28 01:58:34,638 - twister - DEBUG - OUTPUT: [00:00:00.000,000] [1;31m<err> ring_buf: value pointer is NULL[0m
2026-05-28 01:58:34,638 - twister - DEBUG - OUTPUT:  PASS - test_peek_with_null_pointer in 0.000 seconds
2026-05-28 01:58:34,638 - twister - DEBUG - OUTPUT: ===================================================================
2026-05-28 01:58:34,638 - twister - DEBUG - OUTPUT: START - test_peek_with_null_pointer
2026-05-28 01:58:34,638 - twister - DEBUG - OUTPUT: [00:00:00.000,000] [1;31m<err> ring_buf: value pointer is NULL[0m
2026-05-28 01:58:34,639 - twister - DEBUG - OUTPUT:  PASS - test_peek_with_null_pointer in 0.000 seconds
2026-05-28 01:58:34,639 - twister - DEBUG - OUTPUT: ===================================================================
2026-05-28 01:58:34,639 - twister - DEBUG - OUTPUT: START - test_init_negative_capacity
2026-05-28 01:58:34,639 - twister - DEBUG - OUTPUT: [00:00:00.000,000] [1;31m<err> ring_buf: invalid capacity 4294967292 (max 16)[0m
2026-05-28 01:58:34,640 - twister - DEBUG - OUTPUT:  PASS - test_init_negative_capacity in 0.000 seconds
2026-05-28 01:58:34,640 - twister - DEBUG - OUTPUT: ===================================================================
2026-05-28 01:58:34,640 - twister - DEBUG - OUTPUT: START - test_init_zero_capacity
2026-05-28 01:58:34,640 - twister - DEBUG - OUTPUT: [00:00:00.000,000] [1;31m<err> ring_buf: invalid capacity 0 (max 16)[0m
2026-05-28 01:58:34,641 - twister - DEBUG - OUTPUT:  PASS - test_init_zero_capacity in 0.000 seconds
2026-05-28 01:58:34,641 - twister - DEBUG - OUTPUT: ===================================================================
2026-05-28 01:58:34,641 - twister - DEBUG - OUTPUT: START - test_pop_when_empty
2026-05-28 01:58:34,641 - twister - DEBUG - OUTPUT: [00:00:00.000,000] [1;33m<wrn> ring_buf: buffer empty[0m
2026-05-28 01:58:34,642 - twister - DEBUG - OUTPUT:  PASS - test_pop_when_empty in 0.000 seconds
2026-05-28 01:58:34,642 - twister - DEBUG - OUTPUT: ===================================================================
2026-05-28 01:58:34,642 - twister - DEBUG - OUTPUT: START - test_peek_when_empty
2026-05-28 01:58:34,642 - twister - DEBUG - OUTPUT: [00:00:00.000,000] [1;33m<wrn> ring_buf: buffer empty[0m
2026-05-28 01:58:34,643 - twister - DEBUG - OUTPUT:  PASS - test_peek_when_empty in 0.000 seconds
2026-05-28 01:58:34,643 - twister - DEBUG - OUTPUT: ===================================================================
2026-05-28 01:58:34,643 - twister - DEBUG - OUTPUT: START - test_init_exceeds_max_capacity
2026-05-28 01:58:34,643 - twister - DEBUG - OUTPUT: [00:00:00.000,000] [1;31m<err> ring_buf: invalid capacity 17 (max 16)[0m
2026-05-28 01:58:34,643 - twister - DEBUG - OUTPUT:  PASS - test_init_exceeds_max_capacity in 0.000 seconds
2026-05-28 01:58:34,644 - twister - DEBUG - OUTPUT: ===================================================================
2026-05-28 01:58:34,644 - twister - DEBUG - OUTPUT: TESTSUITE ring_buf_capacity succeeded
2026-05-28 01:58:34,644 - twister - DEBUG - OUTPUT: Running TESTSUITE ring_buf_init
2026-05-28 01:58:34,644 - twister - DEBUG - OUTPUT: ===================================================================
2026-05-28 01:58:34,645 - twister - DEBUG - OUTPUT: START - test_fresh_state
2026-05-28 01:58:34,645 - twister - DEBUG - OUTPUT:  PASS - test_fresh_state in 0.000 seconds
2026-05-28 01:58:34,645 - twister - DEBUG - OUTPUT: ===================================================================
2026-05-28 01:58:34,645 - twister - DEBUG - OUTPUT: START - test_reinit_clears_state
2026-05-28 01:58:34,646 - twister - DEBUG - OUTPUT:  PASS - test_reinit_clears_state in 0.000 seconds
2026-05-28 01:58:34,646 - twister - DEBUG - OUTPUT: ===================================================================
2026-05-28 01:58:34,646 - twister - DEBUG - OUTPUT: START - test_reinit_clears_state
2026-05-28 01:58:34,646 - twister - DEBUG - OUTPUT:  PASS - test_reinit_clears_state in 0.000 seconds
2026-05-28 01:58:34,647 - twister - DEBUG - OUTPUT: ===================================================================
2026-05-28 01:58:34,647 - twister - DEBUG - OUTPUT: START - test_fresh_state
2026-05-28 01:58:34,647 - twister - DEBUG - OUTPUT:  PASS - test_fresh_state in 0.000 seconds
2026-05-28 01:58:34,648 - twister - DEBUG - OUTPUT: ===================================================================
2026-05-28 01:58:34,648 - twister - DEBUG - OUTPUT: START - test_reinit_clears_state
2026-05-28 01:58:34,648 - twister - DEBUG - OUTPUT:  PASS - test_reinit_clears_state in 0.000 seconds
2026-05-28 01:58:34,648 - twister - DEBUG - OUTPUT: ===================================================================
2026-05-28 01:58:34,649 - twister - DEBUG - OUTPUT: START - test_fresh_state
2026-05-28 01:58:34,649 - twister - DEBUG - OUTPUT:  PASS - test_fresh_state in 0.000 seconds
2026-05-28 01:58:34,649 - twister - DEBUG - OUTPUT: ===================================================================
2026-05-28 01:58:34,649 - twister - DEBUG - OUTPUT: TESTSUITE ring_buf_init succeeded
2026-05-28 01:58:34,650 - twister - DEBUG - OUTPUT: Running TESTSUITE ring_buf_init
2026-05-28 01:58:34,650 - twister - DEBUG - OUTPUT: ===================================================================
2026-05-28 01:58:34,650 - twister - DEBUG - OUTPUT: START - test_reinit_clears_state
2026-05-28 01:58:34,650 - twister - DEBUG - OUTPUT:  PASS - test_reinit_clears_state in 0.000 seconds
2026-05-28 01:58:34,651 - twister - DEBUG - OUTPUT: ===================================================================
2026-05-28 01:58:34,651 - twister - DEBUG - OUTPUT: START - test_fresh_state
2026-05-28 01:58:34,651 - twister - DEBUG - OUTPUT:  PASS - test_fresh_state in 0.000 seconds
2026-05-28 01:58:34,651 - twister - DEBUG - OUTPUT: ===================================================================
2026-05-28 01:58:34,652 - twister - DEBUG - OUTPUT: START - test_fresh_state
2026-05-28 01:58:34,652 - twister - DEBUG - OUTPUT:  PASS - test_fresh_state in 0.000 seconds
2026-05-28 01:58:34,652 - twister - DEBUG - OUTPUT: ===================================================================
2026-05-28 01:58:34,653 - twister - DEBUG - OUTPUT: START - test_reinit_clears_state
2026-05-28 01:58:34,653 - twister - DEBUG - OUTPUT:  PASS - test_reinit_clears_state in 0.000 seconds
2026-05-28 01:58:34,653 - twister - DEBUG - OUTPUT: ===================================================================
2026-05-28 01:58:34,654 - twister - DEBUG - OUTPUT: START - test_fresh_state
2026-05-28 01:58:34,654 - twister - DEBUG - OUTPUT:  PASS - test_fresh_state in 0.000 seconds
2026-05-28 01:58:34,654 - twister - DEBUG - OUTPUT: ===================================================================
2026-05-28 01:58:34,654 - twister - DEBUG - OUTPUT: START - test_reinit_clears_state
2026-05-28 01:58:34,655 - twister - DEBUG - OUTPUT:  PASS - test_reinit_clears_state in 0.000 seconds
2026-05-28 01:58:34,655 - twister - DEBUG - OUTPUT: ===================================================================
2026-05-28 01:58:34,655 - twister - DEBUG - OUTPUT: TESTSUITE ring_buf_init succeeded
2026-05-28 01:58:34,656 - twister - DEBUG - OUTPUT: Running TESTSUITE ring_buf_init
2026-05-28 01:58:34,656 - twister - DEBUG - OUTPUT: ===================================================================
2026-05-28 01:58:34,656 - twister - DEBUG - OUTPUT: START - test_fresh_state
2026-05-28 01:58:34,656 - twister - DEBUG - OUTPUT:  PASS - test_fresh_state in 0.000 seconds
2026-05-28 01:58:34,657 - twister - DEBUG - OUTPUT: ===================================================================
2026-05-28 01:58:34,657 - twister - DEBUG - OUTPUT: START - test_reinit_clears_state
2026-05-28 01:58:34,657 - twister - DEBUG - OUTPUT:  PASS - test_reinit_clears_state in 0.000 seconds
2026-05-28 01:58:34,657 - twister - DEBUG - OUTPUT: ===================================================================
2026-05-28 01:58:34,658 - twister - DEBUG - OUTPUT: START - test_fresh_state
2026-05-28 01:58:34,658 - twister - DEBUG - OUTPUT:  PASS - test_fresh_state in 0.000 seconds
2026-05-28 01:58:34,658 - twister - DEBUG - OUTPUT: ===================================================================
2026-05-28 01:58:34,658 - twister - DEBUG - OUTPUT: START - test_reinit_clears_state
2026-05-28 01:58:34,659 - twister - DEBUG - OUTPUT:  PASS - test_reinit_clears_state in 0.000 seconds
2026-05-28 01:58:34,659 - twister - DEBUG - OUTPUT: ===================================================================
2026-05-28 01:58:34,659 - twister - DEBUG - OUTPUT: START - test_fresh_state
2026-05-28 01:58:34,659 - twister - DEBUG - OUTPUT:  PASS - test_fresh_state in 0.000 seconds
2026-05-28 01:58:34,660 - twister - DEBUG - OUTPUT: ===================================================================
2026-05-28 01:58:34,660 - twister - DEBUG - OUTPUT: START - test_reinit_clears_state
2026-05-28 01:58:34,660 - twister - DEBUG - OUTPUT:  PASS - test_reinit_clears_state in 0.000 seconds
2026-05-28 01:58:34,661 - twister - DEBUG - OUTPUT: ===================================================================
2026-05-28 01:58:34,661 - twister - DEBUG - OUTPUT: TESTSUITE ring_buf_init succeeded
2026-05-28 01:58:34,661 - twister - DEBUG - OUTPUT: Running TESTSUITE ring_buf_push_pop
2026-05-28 01:58:34,661 - twister - DEBUG - OUTPUT: ===================================================================
2026-05-28 01:58:34,662 - twister - DEBUG - OUTPUT: START - test_single_push_pop
2026-05-28 01:58:34,662 - twister - DEBUG - OUTPUT:  PASS - test_single_push_pop in 0.000 seconds
2026-05-28 01:58:34,662 - twister - DEBUG - OUTPUT: ===================================================================
2026-05-28 01:58:34,662 - twister - DEBUG - OUTPUT: START - test_push_full_returns_enospc
2026-05-28 01:58:34,663 - twister - DEBUG - OUTPUT: [00:00:00.000,000] [1;33m<wrn> ring_buf: buffer full (capacity=4)[0m
2026-05-28 01:58:34,663 - twister - DEBUG - OUTPUT:  PASS - test_push_full_returns_enospc in 0.000 seconds
2026-05-28 01:58:34,663 - twister - DEBUG - OUTPUT: ===================================================================
2026-05-28 01:58:34,663 - twister - DEBUG - OUTPUT: START - test_fifo_order
2026-05-28 01:58:34,664 - twister - DEBUG - OUTPUT:  PASS - test_fifo_order in 0.000 seconds
2026-05-28 01:58:34,664 - twister - DEBUG - OUTPUT: ===================================================================
2026-05-28 01:58:34,664 - twister - DEBUG - OUTPUT: START - test_single_push_pop
2026-05-28 01:58:34,664 - twister - DEBUG - OUTPUT:  PASS - test_single_push_pop in 0.000 seconds
2026-05-28 01:58:34,665 - twister - DEBUG - OUTPUT: ===================================================================
2026-05-28 01:58:34,665 - twister - DEBUG - OUTPUT: START - test_fifo_order
2026-05-28 01:58:34,665 - twister - DEBUG - OUTPUT:  PASS - test_fifo_order in 0.000 seconds
2026-05-28 01:58:34,665 - twister - DEBUG - OUTPUT: ===================================================================
2026-05-28 01:58:34,666 - twister - DEBUG - OUTPUT: START - test_push_full_returns_enospc
2026-05-28 01:58:34,666 - twister - DEBUG - OUTPUT: [00:00:00.000,000] [1;33m<wrn> ring_buf: buffer full (capacity=4)[0m
2026-05-28 01:58:34,666 - twister - DEBUG - OUTPUT:  PASS - test_push_full_returns_enospc in 0.000 seconds
2026-05-28 01:58:34,666 - twister - DEBUG - OUTPUT: ===================================================================
2026-05-28 01:58:34,667 - twister - DEBUG - OUTPUT: START - test_push_full_returns_enospc
2026-05-28 01:58:34,667 - twister - DEBUG - OUTPUT: [00:00:00.000,000] [1;33m<wrn> ring_buf: buffer full (capacity=4)[0m
2026-05-28 01:58:34,667 - twister - DEBUG - OUTPUT:  PASS - test_push_full_returns_enospc in 0.000 seconds
2026-05-28 01:58:34,667 - twister - DEBUG - OUTPUT: ===================================================================
2026-05-28 01:58:34,668 - twister - DEBUG - OUTPUT: START - test_single_push_pop
2026-05-28 01:58:34,668 - twister - DEBUG - OUTPUT:  PASS - test_single_push_pop in 0.000 seconds
2026-05-28 01:58:34,668 - twister - DEBUG - OUTPUT: ===================================================================
2026-05-28 01:58:34,669 - twister - DEBUG - OUTPUT: START - test_fifo_order
2026-05-28 01:58:34,669 - twister - DEBUG - OUTPUT:  PASS - test_fifo_order in 0.000 seconds
2026-05-28 01:58:34,669 - twister - DEBUG - OUTPUT: ===================================================================
2026-05-28 01:58:34,669 - twister - DEBUG - OUTPUT: TESTSUITE ring_buf_push_pop succeeded
2026-05-28 01:58:34,669 - twister - DEBUG - OUTPUT: Running TESTSUITE ring_buf_push_pop
2026-05-28 01:58:34,670 - twister - DEBUG - OUTPUT: ===================================================================
2026-05-28 01:58:34,670 - twister - DEBUG - OUTPUT: START - test_fifo_order
2026-05-28 01:58:34,670 - twister - DEBUG - OUTPUT:  PASS - test_fifo_order in 0.000 seconds
2026-05-28 01:58:34,670 - twister - DEBUG - OUTPUT: ===================================================================
2026-05-28 01:58:34,671 - twister - DEBUG - OUTPUT: START - test_single_push_pop
2026-05-28 01:58:34,671 - twister - DEBUG - OUTPUT:  PASS - test_single_push_pop in 0.000 seconds
2026-05-28 01:58:34,671 - twister - DEBUG - OUTPUT: ===================================================================
2026-05-28 01:58:34,672 - twister - DEBUG - OUTPUT: START - test_push_full_returns_enospc
2026-05-28 01:58:34,672 - twister - DEBUG - OUTPUT: [00:00:00.000,000] [1;33m<wrn> ring_buf: buffer full (capacity=4)[0m
2026-05-28 01:58:34,672 - twister - DEBUG - OUTPUT:  PASS - test_push_full_returns_enospc in 0.000 seconds
2026-05-28 01:58:34,672 - twister - DEBUG - OUTPUT: ===================================================================
2026-05-28 01:58:34,673 - twister - DEBUG - OUTPUT: START - test_single_push_pop
2026-05-28 01:58:34,673 - twister - DEBUG - OUTPUT:  PASS - test_single_push_pop in 0.000 seconds
2026-05-28 01:58:34,673 - twister - DEBUG - OUTPUT: ===================================================================
2026-05-28 01:58:34,673 - twister - DEBUG - OUTPUT: START - test_push_full_returns_enospc
2026-05-28 01:58:34,674 - twister - DEBUG - OUTPUT: [00:00:00.000,000] [1;33m<wrn> ring_buf: buffer full (capacity=4)[0m
2026-05-28 01:58:34,674 - twister - DEBUG - OUTPUT:  PASS - test_push_full_returns_enospc in 0.000 seconds
2026-05-28 01:58:34,674 - twister - DEBUG - OUTPUT: ===================================================================
2026-05-28 01:58:34,675 - twister - DEBUG - OUTPUT: START - test_fifo_order
2026-05-28 01:58:34,675 - twister - DEBUG - OUTPUT:  PASS - test_fifo_order in 0.000 seconds
2026-05-28 01:58:34,675 - twister - DEBUG - OUTPUT: ===================================================================
2026-05-28 01:58:34,676 - twister - DEBUG - OUTPUT: START - test_single_push_pop
2026-05-28 01:58:34,676 - twister - DEBUG - OUTPUT:  PASS - test_single_push_pop in 0.000 seconds
2026-05-28 01:58:34,676 - twister - DEBUG - OUTPUT: ===================================================================
2026-05-28 01:58:34,677 - twister - DEBUG - OUTPUT: START - test_fifo_order
2026-05-28 01:58:34,677 - twister - DEBUG - OUTPUT:  PASS - test_fifo_order in 0.000 seconds
2026-05-28 01:58:34,677 - twister - DEBUG - OUTPUT: ===================================================================
2026-05-28 01:58:34,677 - twister - DEBUG - OUTPUT: START - test_push_full_returns_enospc
2026-05-28 01:58:34,677 - twister - DEBUG - OUTPUT: [00:00:00.000,000] [1;33m<wrn> ring_buf: buffer full (capacity=4)[0m
2026-05-28 01:58:34,677 - twister - DEBUG - OUTPUT:  PASS - test_push_full_returns_enospc in 0.000 seconds
2026-05-28 01:58:34,678 - twister - DEBUG - OUTPUT: ===================================================================
2026-05-28 01:58:34,678 - twister - DEBUG - OUTPUT: TESTSUITE ring_buf_push_pop succeeded
2026-05-28 01:58:34,678 - twister - DEBUG - OUTPUT: Running TESTSUITE ring_buf_push_pop
2026-05-28 01:58:34,678 - twister - DEBUG - OUTPUT: ===================================================================
2026-05-28 01:58:34,678 - twister - DEBUG - OUTPUT: START - test_fifo_order
2026-05-28 01:58:34,679 - twister - DEBUG - OUTPUT:  PASS - test_fifo_order in 0.000 seconds
2026-05-28 01:58:34,679 - twister - DEBUG - OUTPUT: ===================================================================
2026-05-28 01:58:34,679 - twister - DEBUG - OUTPUT: START - test_push_full_returns_enospc
2026-05-28 01:58:34,679 - twister - DEBUG - OUTPUT: [00:00:00.000,000] [1;33m<wrn> ring_buf: buffer full (capacity=4)[0m
2026-05-28 01:58:34,679 - twister - DEBUG - OUTPUT:  PASS - test_push_full_returns_enospc in 0.000 seconds
2026-05-28 01:58:34,679 - twister - DEBUG - OUTPUT: ===================================================================
2026-05-28 01:58:34,680 - twister - DEBUG - OUTPUT: START - test_single_push_pop
2026-05-28 01:58:34,680 - twister - DEBUG - OUTPUT:  PASS - test_single_push_pop in 0.000 seconds
2026-05-28 01:58:34,680 - twister - DEBUG - OUTPUT: ===================================================================
2026-05-28 01:58:34,680 - twister - DEBUG - OUTPUT: START - test_push_full_returns_enospc
2026-05-28 01:58:34,680 - twister - DEBUG - OUTPUT: [00:00:00.000,000] [1;33m<wrn> ring_buf: buffer full (capacity=4)[0m
2026-05-28 01:58:34,680 - twister - DEBUG - OUTPUT:  PASS - test_push_full_returns_enospc in 0.000 seconds
2026-05-28 01:58:34,681 - twister - DEBUG - OUTPUT: ===================================================================
2026-05-28 01:58:34,681 - twister - DEBUG - OUTPUT: START - test_fifo_order
2026-05-28 01:58:34,681 - twister - DEBUG - OUTPUT:  PASS - test_fifo_order in 0.000 seconds
2026-05-28 01:58:34,681 - twister - DEBUG - OUTPUT: ===================================================================
2026-05-28 01:58:34,681 - twister - DEBUG - OUTPUT: START - test_single_push_pop
2026-05-28 01:58:34,681 - twister - DEBUG - OUTPUT:  PASS - test_single_push_pop in 0.000 seconds
2026-05-28 01:58:34,682 - twister - DEBUG - OUTPUT: ===================================================================
2026-05-28 01:58:34,682 - twister - DEBUG - OUTPUT: START - test_fifo_order
2026-05-28 01:58:34,682 - twister - DEBUG - OUTPUT:  PASS - test_fifo_order in 0.000 seconds
2026-05-28 01:58:34,682 - twister - DEBUG - OUTPUT: ===================================================================
2026-05-28 01:58:34,682 - twister - DEBUG - OUTPUT: START - test_single_push_pop
2026-05-28 01:58:34,682 - twister - DEBUG - OUTPUT:  PASS - test_single_push_pop in 0.000 seconds
2026-05-28 01:58:34,683 - twister - DEBUG - OUTPUT: ===================================================================
2026-05-28 01:58:34,683 - twister - DEBUG - OUTPUT: START - test_push_full_returns_enospc
2026-05-28 01:58:34,683 - twister - DEBUG - OUTPUT: [00:00:00.000,000] [1;33m<wrn> ring_buf: buffer full (capacity=4)[0m
2026-05-28 01:58:34,683 - twister - DEBUG - OUTPUT:  PASS - test_push_full_returns_enospc in 0.000 seconds
2026-05-28 01:58:34,683 - twister - DEBUG - OUTPUT: ===================================================================
2026-05-28 01:58:34,683 - twister - DEBUG - OUTPUT: TESTSUITE ring_buf_push_pop succeeded
2026-05-28 01:58:34,684 - twister - DEBUG - OUTPUT: Running TESTSUITE ring_buf_boundaries
2026-05-28 01:58:34,684 - twister - DEBUG - OUTPUT: ===================================================================
2026-05-28 01:58:34,684 - twister - DEBUG - OUTPUT: START - test_peek_does_not_consume
2026-05-28 01:58:34,684 - twister - DEBUG - OUTPUT:  PASS - test_peek_does_not_consume in 0.000 seconds
2026-05-28 01:58:34,684 - twister - DEBUG - OUTPUT: ===================================================================
2026-05-28 01:58:34,684 - twister - DEBUG - OUTPUT: START - test_is_full_after_fill
2026-05-28 01:58:34,685 - twister - DEBUG - OUTPUT:  PASS - test_is_full_after_fill in 0.000 seconds
2026-05-28 01:58:34,685 - twister - DEBUG - OUTPUT: ===================================================================
2026-05-28 01:58:34,685 - twister - DEBUG - OUTPUT: START - test_pop_null_returns_einval
2026-05-28 01:58:34,685 - twister - DEBUG - OUTPUT: [00:00:00.000,000] [1;31m<err> ring_buf: value pointer is NULL[0m
2026-05-28 01:58:34,685 - twister - DEBUG - OUTPUT:  PASS - test_pop_null_returns_einval in 0.000 seconds
2026-05-28 01:58:34,685 - twister - DEBUG - OUTPUT: ===================================================================
2026-05-28 01:58:34,686 - twister - DEBUG - OUTPUT: START - test_pop_null_returns_einval
2026-05-28 01:58:34,686 - twister - DEBUG - OUTPUT: [00:00:00.000,000] [1;31m<err> ring_buf: value pointer is NULL[0m
2026-05-28 01:58:34,686 - twister - DEBUG - OUTPUT:  PASS - test_pop_null_returns_einval in 0.000 seconds
2026-05-28 01:58:34,686 - twister - DEBUG - OUTPUT: ===================================================================
2026-05-28 01:58:34,686 - twister - DEBUG - OUTPUT: START - test_is_full_after_fill
2026-05-28 01:58:34,687 - twister - DEBUG - OUTPUT:  PASS - test_is_full_after_fill in 0.000 seconds
2026-05-28 01:58:34,687 - twister - DEBUG - OUTPUT: ===================================================================
2026-05-28 01:58:34,687 - twister - DEBUG - OUTPUT: START - test_peek_does_not_consume
2026-05-28 01:58:34,687 - twister - DEBUG - OUTPUT:  PASS - test_peek_does_not_consume in 0.000 seconds
2026-05-28 01:58:34,687 - twister - DEBUG - OUTPUT: ===================================================================
2026-05-28 01:58:34,688 - twister - DEBUG - OUTPUT: START - test_peek_does_not_consume
2026-05-28 01:58:34,688 - twister - DEBUG - OUTPUT:  PASS - test_peek_does_not_consume in 0.000 seconds
2026-05-28 01:58:34,688 - twister - DEBUG - OUTPUT: ===================================================================
2026-05-28 01:58:34,688 - twister - DEBUG - OUTPUT: START - test_pop_null_returns_einval
2026-05-28 01:58:34,688 - twister - DEBUG - OUTPUT: [00:00:00.000,000] [1;31m<err> ring_buf: value pointer is NULL[0m
2026-05-28 01:58:34,688 - twister - DEBUG - OUTPUT:  PASS - test_pop_null_returns_einval in 0.000 seconds
2026-05-28 01:58:34,689 - twister - DEBUG - OUTPUT: ===================================================================
2026-05-28 01:58:34,689 - twister - DEBUG - OUTPUT: START - test_is_full_after_fill
2026-05-28 01:58:34,689 - twister - DEBUG - OUTPUT:  PASS - test_is_full_after_fill in 0.000 seconds
2026-05-28 01:58:34,689 - twister - DEBUG - OUTPUT: ===================================================================
2026-05-28 01:58:34,689 - twister - DEBUG - OUTPUT: TESTSUITE ring_buf_boundaries succeeded
2026-05-28 01:58:34,689 - twister - DEBUG - OUTPUT: Running TESTSUITE ring_buf_boundaries
2026-05-28 01:58:34,689 - twister - DEBUG - OUTPUT: ===================================================================
2026-05-28 01:58:34,690 - twister - DEBUG - OUTPUT: START - test_peek_does_not_consume
2026-05-28 01:58:34,690 - twister - DEBUG - OUTPUT:  PASS - test_peek_does_not_consume in 0.000 seconds
2026-05-28 01:58:34,690 - twister - DEBUG - OUTPUT: ===================================================================
2026-05-28 01:58:34,690 - twister - DEBUG - OUTPUT: START - test_is_full_after_fill
2026-05-28 01:58:34,690 - twister - DEBUG - OUTPUT:  PASS - test_is_full_after_fill in 0.000 seconds
2026-05-28 01:58:34,691 - twister - DEBUG - OUTPUT: ===================================================================
2026-05-28 01:58:34,691 - twister - DEBUG - OUTPUT: START - test_pop_null_returns_einval
2026-05-28 01:58:34,691 - twister - DEBUG - OUTPUT: [00:00:00.000,000] [1;31m<err> ring_buf: value pointer is NULL[0m
2026-05-28 01:58:34,691 - twister - DEBUG - OUTPUT:  PASS - test_pop_null_returns_einval in 0.000 seconds
2026-05-28 01:58:34,691 - twister - DEBUG - OUTPUT: ===================================================================
2026-05-28 01:58:34,691 - twister - DEBUG - OUTPUT: START - test_pop_null_returns_einval
2026-05-28 01:58:34,692 - twister - DEBUG - OUTPUT: [00:00:00.000,000] [1;31m<err> ring_buf: value pointer is NULL[0m
2026-05-28 01:58:34,692 - twister - DEBUG - OUTPUT:  PASS - test_pop_null_returns_einval in 0.000 seconds
2026-05-28 01:58:34,692 - twister - DEBUG - OUTPUT: ===================================================================
2026-05-28 01:58:34,692 - twister - DEBUG - OUTPUT: START - test_is_full_after_fill
2026-05-28 01:58:34,692 - twister - DEBUG - OUTPUT:  PASS - test_is_full_after_fill in 0.000 seconds
2026-05-28 01:58:34,692 - twister - DEBUG - OUTPUT: ===================================================================
2026-05-28 01:58:34,693 - twister - DEBUG - OUTPUT: START - test_peek_does_not_consume
2026-05-28 01:58:34,693 - twister - DEBUG - OUTPUT:  PASS - test_peek_does_not_consume in 0.000 seconds
2026-05-28 01:58:34,693 - twister - DEBUG - OUTPUT: ===================================================================
2026-05-28 01:58:34,693 - twister - DEBUG - OUTPUT: START - test_pop_null_returns_einval
2026-05-28 01:58:34,693 - twister - DEBUG - OUTPUT: [00:00:00.000,000] [1;31m<err> ring_buf: value pointer is NULL[0m
2026-05-28 01:58:34,693 - twister - DEBUG - OUTPUT:  PASS - test_pop_null_returns_einval in 0.000 seconds
2026-05-28 01:58:34,694 - twister - DEBUG - OUTPUT: ===================================================================
2026-05-28 01:58:34,694 - twister - DEBUG - OUTPUT: START - test_peek_does_not_consume
2026-05-28 01:58:34,694 - twister - DEBUG - OUTPUT:  PASS - test_peek_does_not_consume in 0.000 seconds
2026-05-28 01:58:34,694 - twister - DEBUG - OUTPUT: ===================================================================
2026-05-28 01:58:34,694 - twister - DEBUG - OUTPUT: START - test_is_full_after_fill
2026-05-28 01:58:34,695 - twister - DEBUG - OUTPUT:  PASS - test_is_full_after_fill in 0.000 seconds
2026-05-28 01:58:34,695 - twister - DEBUG - OUTPUT: ===================================================================
2026-05-28 01:58:34,695 - twister - DEBUG - OUTPUT: TESTSUITE ring_buf_boundaries succeeded
2026-05-28 01:58:34,695 - twister - DEBUG - OUTPUT: Running TESTSUITE ring_buf_boundaries
2026-05-28 01:58:34,695 - twister - DEBUG - OUTPUT: ===================================================================
2026-05-28 01:58:34,696 - twister - DEBUG - OUTPUT: START - test_pop_null_returns_einval
2026-05-28 01:58:34,696 - twister - DEBUG - OUTPUT: [00:00:00.000,000] [1;31m<err> ring_buf: value pointer is NULL[0m
2026-05-28 01:58:34,696 - twister - DEBUG - OUTPUT:  PASS - test_pop_null_returns_einval in 0.000 seconds
2026-05-28 01:58:34,696 - twister - DEBUG - OUTPUT: ===================================================================
2026-05-28 01:58:34,696 - twister - DEBUG - OUTPUT: START - test_is_full_after_fill
2026-05-28 01:58:34,697 - twister - DEBUG - OUTPUT:  PASS - test_is_full_after_fill in 0.000 seconds
2026-05-28 01:58:34,697 - twister - DEBUG - OUTPUT: ===================================================================
2026-05-28 01:58:34,697 - twister - DEBUG - OUTPUT: START - test_peek_does_not_consume
2026-05-28 01:58:34,697 - twister - DEBUG - OUTPUT:  PASS - test_peek_does_not_consume in 0.000 seconds
2026-05-28 01:58:34,697 - twister - DEBUG - OUTPUT: ===================================================================
2026-05-28 01:58:34,698 - twister - DEBUG - OUTPUT: START - test_is_full_after_fill
2026-05-28 01:58:34,698 - twister - DEBUG - OUTPUT:  PASS - test_is_full_after_fill in 0.000 seconds
2026-05-28 01:58:34,698 - twister - DEBUG - OUTPUT: ===================================================================
2026-05-28 01:58:34,698 - twister - DEBUG - OUTPUT: START - test_peek_does_not_consume
2026-05-28 01:58:34,698 - twister - DEBUG - OUTPUT:  PASS - test_peek_does_not_consume in 0.000 seconds
2026-05-28 01:58:34,699 - twister - DEBUG - OUTPUT: ===================================================================
2026-05-28 01:58:34,699 - twister - DEBUG - OUTPUT: START - test_pop_null_returns_einval
2026-05-28 01:58:34,699 - twister - DEBUG - OUTPUT: [00:00:00.000,000] [1;31m<err> ring_buf: value pointer is NULL[0m
2026-05-28 01:58:34,699 - twister - DEBUG - OUTPUT:  PASS - test_pop_null_returns_einval in 0.000 seconds
2026-05-28 01:58:34,700 - twister - DEBUG - OUTPUT: ===================================================================
2026-05-28 01:58:34,700 - twister - DEBUG - OUTPUT: START - test_is_full_after_fill
2026-05-28 01:58:34,700 - twister - DEBUG - OUTPUT:  PASS - test_is_full_after_fill in 0.000 seconds
2026-05-28 01:58:34,700 - twister - DEBUG - OUTPUT: ===================================================================
2026-05-28 01:58:34,700 - twister - DEBUG - OUTPUT: START - test_peek_does_not_consume
2026-05-28 01:58:34,701 - twister - DEBUG - OUTPUT:  PASS - test_peek_does_not_consume in 0.000 seconds
2026-05-28 01:58:34,701 - twister - DEBUG - OUTPUT: ===================================================================
2026-05-28 01:58:34,701 - twister - DEBUG - OUTPUT: START - test_pop_null_returns_einval
2026-05-28 01:58:34,701 - twister - DEBUG - OUTPUT: [00:00:00.000,000] [1;31m<err> ring_buf: value pointer is NULL[0m
2026-05-28 01:58:34,701 - twister - DEBUG - OUTPUT:  PASS - test_pop_null_returns_einval in 0.000 seconds
2026-05-28 01:58:34,702 - twister - DEBUG - OUTPUT: ===================================================================
2026-05-28 01:58:34,702 - twister - DEBUG - OUTPUT: TESTSUITE ring_buf_boundaries succeeded
2026-05-28 01:58:34,702 - twister - DEBUG - OUTPUT: 
2026-05-28 01:58:34,702 - twister - DEBUG - OUTPUT: ------ TESTSUITE SUMMARY START ------
2026-05-28 01:58:34,702 - twister - DEBUG - OUTPUT: 
2026-05-28 01:58:34,703 - twister - DEBUG - OUTPUT: SUITE PASS - 100.00% [ring_buf_boundaries]: pass = 3, fail = 0, skip = 0, total = 3 duration = 0.000 seconds
2026-05-28 01:58:34,703 - twister - DEBUG - OUTPUT:  - PASS - [ring_buf_boundaries.test_is_full_after_fill] duration = 0.000 seconds
2026-05-28 01:58:34,703 - twister - DEBUG - OUTPUT:  - PASS - [ring_buf_boundaries.test_peek_does_not_consume] duration = 0.000 seconds
2026-05-28 01:58:34,704 - twister - DEBUG - OUTPUT:  - PASS - [ring_buf_boundaries.test_pop_null_returns_einval] duration = 0.000 seconds
2026-05-28 01:58:34,704 - twister - DEBUG - OUTPUT: 
2026-05-28 01:58:34,704 - twister - DEBUG - OUTPUT: SUITE PASS - 100.00% [ring_buf_capacity]: pass = 6, fail = 0, skip = 0, total = 6 duration = 0.000 seconds
2026-05-28 01:58:34,705 - twister - DEBUG - OUTPUT:  - PASS - [ring_buf_capacity.test_init_exceeds_max_capacity] duration = 0.000 seconds
2026-05-28 01:58:34,705 - twister - DEBUG - OUTPUT:  - PASS - [ring_buf_capacity.test_init_negative_capacity] duration = 0.000 seconds
2026-05-28 01:58:34,705 - twister - DEBUG - OUTPUT:  - PASS - [ring_buf_capacity.test_init_zero_capacity] duration = 0.000 seconds
2026-05-28 01:58:34,705 - twister - DEBUG - OUTPUT:  - PASS - [ring_buf_capacity.test_peek_when_empty] duration = 0.000 seconds
2026-05-28 01:58:34,706 - twister - DEBUG - OUTPUT:  - PASS - [ring_buf_capacity.test_peek_with_null_pointer] duration = 0.000 seconds
2026-05-28 01:58:34,706 - twister - DEBUG - OUTPUT:  - PASS - [ring_buf_capacity.test_pop_when_empty] duration = 0.000 seconds
2026-05-28 01:58:34,706 - twister - DEBUG - OUTPUT: 
2026-05-28 01:58:34,707 - twister - DEBUG - OUTPUT: SUITE PASS - 100.00% [ring_buf_init]: pass = 2, fail = 0, skip = 0, total = 2 duration = 0.000 seconds
2026-05-28 01:58:34,707 - twister - DEBUG - OUTPUT:  - PASS - [ring_buf_init.test_fresh_state] duration = 0.000 seconds
2026-05-28 01:58:34,707 - twister - DEBUG - OUTPUT:  - PASS - [ring_buf_init.test_reinit_clears_state] duration = 0.000 seconds
2026-05-28 01:58:34,707 - twister - DEBUG - OUTPUT: 
2026-05-28 01:58:34,708 - twister - DEBUG - OUTPUT: SUITE PASS - 100.00% [ring_buf_push_pop]: pass = 3, fail = 0, skip = 0, total = 3 duration = 0.000 seconds
2026-05-28 01:58:34,708 - twister - DEBUG - OUTPUT:  - PASS - [ring_buf_push_pop.test_fifo_order] duration = 0.000 seconds
2026-05-28 01:58:34,708 - twister - DEBUG - OUTPUT:  - PASS - [ring_buf_push_pop.test_push_full_returns_enospc] duration = 0.000 seconds
2026-05-28 01:58:34,708 - twister - DEBUG - OUTPUT:  - PASS - [ring_buf_push_pop.test_single_push_pop] duration = 0.000 seconds
2026-05-28 01:58:34,709 - twister - DEBUG - OUTPUT: 
2026-05-28 01:58:34,709 - twister - DEBUG - OUTPUT: ------ TESTSUITE SUMMARY END ------
2026-05-28 01:58:34,709 - twister - DEBUG - OUTPUT: 
2026-05-28 01:58:34,709 - twister - DEBUG - OUTPUT: ===================================================================
2026-05-28 01:58:34,710 - twister - DEBUG - OUTPUT: RunID: 7c19819ba6dc30f6ecdf613eef00fefe
2026-05-28 01:58:34,710 - twister - DEBUG - OUTPUT: PROJECT EXECUTION SUCCESSFUL
2026-05-28 01:58:34,712 - twister - DEBUG - Expected suite names:['ring_buf_init', 'ring_buf_push_pop', 'ring_buf_boundaries', 'ring_buf_capacity']
2026-05-28 01:58:34,712 - twister - DEBUG - Detected suite names:['ring_buf_capacity', 'ring_buf_init', 'ring_buf_push_pop', 'ring_buf_boundaries']
2026-05-28 01:58:34,712 - twister - DEBUG - run status: native_sim/native/host/homework.unit.ring_buf passed
2026-05-28 01:58:34,714 - twister - DEBUG - Run coverage for 'native_sim/native/host/homework.unit.ring_buf'
2026-05-28 01:58:34,894 - twister - DEBUG - Select gcovr as the coverage tool...
2026-05-28 01:58:34,894 - twister - DEBUG - Using gcov tool: gcov
2026-05-28 01:58:34,977 - twister - DEBUG - Working on /home/alice/Sources/zephyr-course/twister-out/native_sim_native/host/homework.unit.ring_buf/handler.log
2026-05-28 01:58:34,980 - twister - DEBUG - Generating 0 gcda files
2026-05-28 01:58:34,980 - twister - DEBUG - Gcov data captured: /home/alice/Sources/zephyr-course/twister-out/native_sim_native/host/homework.unit.ring_buf/handler.log
2026-05-28 01:58:34,992 - twister - INFO - 1 test scenarios (1 configurations) selected, 0 configurations filtered (0 by static filter, 0 at runtime).
2026-05-28 01:58:34,992 - twister - INFO - [32m1 of 1[39m executed test configurations passed (100.00%), 0 built (not run), 0 failed, 0 errored, with no warnings in 18.08 seconds.
2026-05-28 01:58:34,992 - twister - INFO - 14 of 14 executed test cases passed (100.00%) on 1 out of total 1115 platforms (0.09%).
2026-05-28 01:58:34,992 - twister - INFO - [32m1[39m test configurations executed on platforms, [36m0[39m test configurations were only built.
2026-05-28 01:58:35,192 - twister - DEBUG - Select gcovr as the coverage tool...
2026-05-28 01:58:35,192 - twister - DEBUG - Using gcov tool: gcov
2026-05-28 01:58:35,192 - twister - DEBUG - Running: gcovr -r /home/alice/Sources/zephyr-course/app/modules/ring_buf --gcov-ignore-parse-errors=negative_hits.warn_once_per_file --gcov-executable gcov -e tests/* -e .*generated.* -e .*/tests/.* -e .*/samples/.* --exclude-branches-by-pattern (^\s*LOG_(?:HEXDUMP_)?(?:DBG|INF|WRN|ERR)\(.*)|(^\s*__ASSERT(?:_EVAL|_NO_MSG|_POST_ACTION)?\(.*) -v --merge-mode-functions=separate --json -o /home/alice/Sources/zephyr-course/twister-out/coverage.json /home/alice/Sources/zephyr-course/twister-out
2026-05-28 01:58:36,612 - twister - DEBUG - Running: gcovr -r /home/alice/Sources/zephyr-course/app/modules/ring_buf -v --merge-mode-functions=separate --gcov-executable gcov -f tests/ztest -e tests/ztest/test/* --json -o /home/alice/Sources/zephyr-course/twister-out/ztest.json /home/alice/Sources/zephyr-course/twister-out
2026-05-28 01:58:37,839 - twister - DEBUG - Coverage collected 2 reports from: /home/alice/Sources/zephyr-course/twister-out
2026-05-28 01:58:37,840 - twister - DEBUG - Running: gcovr -r /home/alice/Sources/zephyr-course/app/modules/ring_buf -v --merge-mode-functions=separate --html /home/alice/Sources/zephyr-course/twister-out/coverage/index.html --html-details --add-tracefile /home/alice/Sources/zephyr-course/twister-out/coverage.json --add-tracefile /home/alice/Sources/zephyr-course/twister-out/ztest.json --json-summary-pretty --json-summary /home/alice/Sources/zephyr-course/twister-out/coverage_summary.json
2026-05-28 01:58:38,524 - twister - INFO - HTML report generated: /home/alice/Sources/zephyr-course/twister-out/coverage/index.html
2026-05-28 01:58:38,524 - twister - DEBUG - All coverage data processed: True
2026-05-28 01:58:38,524 - twister - INFO - Saving reports...
2026-05-28 01:58:38,524 - twister - INFO - Writing JSON report /home/alice/Sources/zephyr-course/twister-out/twister.json
2026-05-28 01:58:38,525 - twister - INFO - Writing xunit report /home/alice/Sources/zephyr-course/twister-out/twister.xml...
2026-05-28 01:58:38,526 - twister - INFO - Writing xunit report /home/alice/Sources/zephyr-course/twister-out/twister_report.xml...
2026-05-28 01:58:38,527 - twister - INFO - Run completed
